C:\USERS\MOHAMMED ACHRAF\DOCUMENTS\VISUAL STUDIO 2012\PROJECTS\ABJADINTERPRETER\ABJADINTERPRETER\DEBUG\ABJADINTERPRETER.PCH
C:\USERS\MOHAMMED ACHRAF\DOCUMENTS\VISUAL STUDIO 2012\PROJECTS\ABJADINTERPRETER\ABJADINTERPRETER\DEBUG\STDAFX.OBJ
C:\USERS\MOHAMMED ACHRAF\DOCUMENTS\VISUAL STUDIO 2012\PROJECTS\ABJADINTERPRETER\ABJADINTERPRETER\DEBUG\VC110.PDB
C:\USERS\MOHAMMED ACHRAF\DOCUMENTS\VISUAL STUDIO 2012\PROJECTS\ABJADINTERPRETER\ABJADINTERPRETER\DEBUG\ABJADINTERPRETER.OBJ
C:\USERS\MOHAMMED ACHRAF\DOCUMENTS\VISUAL STUDIO 2012\PROJECTS\ABJADINTERPRETER\ABJADINTERPRETER\DEBUG\ABJADLINEEDITOR.OBJ
C:\USERS\MOHAMMED ACHRAF\DOCUMENTS\VISUAL STUDIO 2012\PROJECTS\ABJADINTERPRETER\DEBUG\ABJADINTERPRETER.ILK
C:\USERS\MOHAMMED ACHRAF\DOCUMENTS\VISUAL STUDIO 2012\PROJECTS\ABJADINTERPRETER\DEBUG\ABJADINTERPRETER.EXE
C:\USERS\MOHAMMED ACHRAF\DOCUMENTS\VISUAL STUDIO 2012\PROJECTS\ABJADINTERPRETER\DEBUG\ABJADINTERPRETER.PDB
E:\github\AbjadInterpreter\AbjadInterpreter\Debug\AbjadInterpreter.obj
E:\github\AbjadInterpreter\AbjadInterpreter\Debug\AbjadLineEditor.obj
E:\github\AbjadInterpreter\AbjadInterpreter\Debug\stdafx.obj
E:\github\AbjadInterpreter\AbjadInterpreter\Debug\cl.command.1.tlog
E:\github\AbjadInterpreter\AbjadInterpreter\Debug\CL.read.1.tlog
E:\github\AbjadInterpreter\AbjadInterpreter\Debug\CL.write.1.tlog
E:\github\AbjadInterpreter\AbjadInterpreter\Debug\link-cvtres.read.1.tlog
E:\github\AbjadInterpreter\AbjadInterpreter\Debug\link-cvtres.write.1.tlog
E:\github\AbjadInterpreter\AbjadInterpreter\Debug\link-rc.read.1.tlog
E:\github\AbjadInterpreter\AbjadInterpreter\Debug\link-rc.write.1.tlog
E:\github\AbjadInterpreter\AbjadInterpreter\Debug\link.command.1.tlog
E:\github\AbjadInterpreter\AbjadInterpreter\Debug\link.read.1.tlog
E:\github\AbjadInterpreter\AbjadInterpreter\Debug\link.write.1.tlog
E:\github\AbjadInterpreter\AbjadInterpreter\Debug\AbjadInterpreter.pch
E:\github\AbjadInterpreter\AbjadInterpreter\Debug\vc110.idb
E:\github\AbjadInterpreter\AbjadInterpreter\Debug\vc110.pdb
